0 info it worked if it ends with ok
1 verbose cli [ '/usr/bin/node',
1 verbose cli   '/bin/npm',
1 verbose cli   'run',
1 verbose cli   'watch',
1 verbose cli   '--',
1 verbose cli   '--plugins=cats',
1 verbose cli   '--configure-plugins=other_plugin',
1 verbose cli   'webpack:plugin_cats' ]
2 info using npm@3.10.10
3 info using node@v6.12.2
4 verbose run-script [ 'prewatch', 'watch', 'postwatch' ]
5 info lifecycle @girder/app@2.4.0~prewatch: @girder/app@2.4.0
6 silly lifecycle @girder/app@2.4.0~prewatch: no script for prewatch, continuing
7 info lifecycle @girder/app@2.4.0~watch: @girder/app@2.4.0
8 verbose lifecycle @girder/app@2.4.0~watch: unsafe-perm in lifecycle true
9 verbose lifecycle @girder/app@2.4.0~watch: PATH: /usr/lib/node_modules/npm/bin/node-gyp-bin:/home/centos/girder/node_modules/.bin:/usr/bin:/sbin:/bin:/usr/sbin:/usr/bin
10 verbose lifecycle @girder/app@2.4.0~watch: CWD: /home/centos/girder
11 silly lifecycle @girder/app@2.4.0~watch: Args: [ '-c',
11 silly lifecycle   'NODE_PATH=$PWD/node_modules grunt --watch "--plugins=cats" "--configure-plugins=other_plugin" "webpack:plugin_cats"' ]
12 silly lifecycle @girder/app@2.4.0~watch: Returned: code: 3  signal: null
13 info lifecycle @girder/app@2.4.0~watch: Failed to exec watch script
14 verbose stack Error: @girder/app@2.4.0 watch: `NODE_PATH=$PWD/node_modules grunt --watch "--plugins=cats" "--configure-plugins=other_plugin" "webpack:plugin_cats"`
14 verbose stack Exit status 3
14 verbose stack     at EventEmitter.<anonymous> (/usr/lib/node_modules/npm/lib/utils/lifecycle.js:255:16)
14 verbose stack     at emitTwo (events.js:106:13)
14 verbose stack     at EventEmitter.emit (events.js:191:7)
14 verbose stack     at ChildProcess.<anonymous> (/usr/lib/node_modules/npm/lib/utils/spawn.js:40:14)
14 verbose stack     at emitTwo (events.js:106:13)
14 verbose stack     at ChildProcess.emit (events.js:191:7)
14 verbose stack     at maybeClose (internal/child_process.js:920:16)
14 verbose stack     at Process.ChildProcess._handle.onexit (internal/child_process.js:230:5)
15 verbose pkgid @girder/app@2.4.0
16 verbose cwd /home/centos/girder/girder
17 error Linux 3.10.0-327.22.2.el7.x86_64
18 error argv "/usr/bin/node" "/bin/npm" "run" "watch" "--" "--plugins=cats" "--configure-plugins=other_plugin" "webpack:plugin_cats"
19 error node v6.12.2
20 error npm  v3.10.10
21 error code ELIFECYCLE
22 error @girder/app@2.4.0 watch: `NODE_PATH=$PWD/node_modules grunt --watch "--plugins=cats" "--configure-plugins=other_plugin" "webpack:plugin_cats"`
22 error Exit status 3
23 error Failed at the @girder/app@2.4.0 watch script 'NODE_PATH=$PWD/node_modules grunt --watch "--plugins=cats" "--configure-plugins=other_plugin" "webpack:plugin_cats"'.
23 error Make sure you have the latest version of node.js and npm installed.
23 error If you do, this is most likely a problem with the @girder/app package,
23 error not with npm itself.
23 error Tell the author that this fails on your system:
23 error     NODE_PATH=$PWD/node_modules grunt --watch "--plugins=cats" "--configure-plugins=other_plugin" "webpack:plugin_cats"
23 error You can get information on how to open an issue for this project with:
23 error     npm bugs @girder/app
23 error Or if that isn't available, you can get their info via:
23 error     npm owner ls @girder/app
23 error There is likely additional logging output above.
24 verbose exit [ 1, true ]
